c:\usr\koei\tenshouki95\dllwrap\nobubgmconvert\vs2013版\vs2013版\nobubgmconvert\nobubgmconvert\libogg-1.3.2\win32\vs2010\libvorbis\win32\release\vc120.pdb
c:\usr\koei\tenshouki95\dllwrap\nobubgmconvert\vs2013版\vs2013版\nobubgmconvert\nobubgmconvert\libogg-1.3.2\win32\vs2010\libvorbis\win32\release\vorbisenc.obj
c:\usr\koei\tenshouki95\dllwrap\nobubgmconvert\vs2013版\vs2013版\nobubgmconvert\nobubgmconvert\libogg-1.3.2\win32\vs2010\libvorbis\win32\release\synthesis.obj
c:\usr\koei\tenshouki95\dllwrap\nobubgmconvert\vs2013版\vs2013版\nobubgmconvert\nobubgmconvert\libogg-1.3.2\win32\vs2010\libvorbis\win32\release\smallft.obj
c:\usr\koei\tenshouki95\dllwrap\nobubgmconvert\vs2013版\vs2013版\nobubgmconvert\nobubgmconvert\libogg-1.3.2\win32\vs2010\libvorbis\win32\release\sharedbook.obj
c:\usr\koei\tenshouki95\dllwrap\nobubgmconvert\vs2013版\vs2013版\nobubgmconvert\nobubgmconvert\libogg-1.3.2\win32\vs2010\libvorbis\win32\release\res0.obj
c:\usr\koei\tenshouki95\dllwrap\nobubgmconvert\vs2013版\vs2013版\nobubgmconvert\nobubgmconvert\libogg-1.3.2\win32\vs2010\libvorbis\win32\release\registry.obj
c:\usr\koei\tenshouki95\dllwrap\nobubgmconvert\vs2013版\vs2013版\nobubgmconvert\nobubgmconvert\libogg-1.3.2\win32\vs2010\libvorbis\win32\release\psy.obj
c:\usr\koei\tenshouki95\dllwrap\nobubgmconvert\vs2013版\vs2013版\nobubgmconvert\nobubgmconvert\libogg-1.3.2\win32\vs2010\libvorbis\win32\release\mdct.obj
c:\usr\koei\tenshouki95\dllwrap\nobubgmconvert\vs2013版\vs2013版\nobubgmconvert\nobubgmconvert\libogg-1.3.2\win32\vs2010\libvorbis\win32\release\mapping0.obj
c:\usr\koei\tenshouki95\dllwrap\nobubgmconvert\vs2013版\vs2013版\nobubgmconvert\nobubgmconvert\libogg-1.3.2\win32\vs2010\libvorbis\win32\release\lsp.obj
c:\usr\koei\tenshouki95\dllwrap\nobubgmconvert\vs2013版\vs2013版\nobubgmconvert\nobubgmconvert\libogg-1.3.2\win32\vs2010\libvorbis\win32\release\lpc.obj
c:\usr\koei\tenshouki95\dllwrap\nobubgmconvert\vs2013版\vs2013版\nobubgmconvert\nobubgmconvert\libogg-1.3.2\win32\vs2010\libvorbis\win32\release\lookup.obj
c:\usr\koei\tenshouki95\dllwrap\nobubgmconvert\vs2013版\vs2013版\nobubgmconvert\nobubgmconvert\libogg-1.3.2\win32\vs2010\libvorbis\win32\release\info.obj
c:\usr\koei\tenshouki95\dllwrap\nobubgmconvert\vs2013版\vs2013版\nobubgmconvert\nobubgmconvert\libogg-1.3.2\win32\vs2010\libvorbis\win32\release\floor1.obj
c:\usr\koei\tenshouki95\dllwrap\nobubgmconvert\vs2013版\vs2013版\nobubgmconvert\nobubgmconvert\libogg-1.3.2\win32\vs2010\libvorbis\win32\release\floor0.obj
c:\usr\koei\tenshouki95\dllwrap\nobubgmconvert\vs2013版\vs2013版\nobubgmconvert\nobubgmconvert\libogg-1.3.2\win32\vs2010\libvorbis\win32\release\envelope.obj
c:\usr\koei\tenshouki95\dllwrap\nobubgmconvert\vs2013版\vs2013版\nobubgmconvert\nobubgmconvert\libogg-1.3.2\win32\vs2010\libvorbis\win32\release\codebook.obj
c:\usr\koei\tenshouki95\dllwrap\nobubgmconvert\vs2013版\vs2013版\nobubgmconvert\nobubgmconvert\libogg-1.3.2\win32\vs2010\libvorbis\win32\release\block.obj
c:\usr\koei\tenshouki95\dllwrap\nobubgmconvert\vs2013版\vs2013版\nobubgmconvert\nobubgmconvert\libogg-1.3.2\win32\vs2010\libvorbis\win32\release\bitrate.obj
c:\usr\koei\tenshouki95\dllwrap\nobubgmconvert\vs2013版\vs2013版\nobubgmconvert\nobubgmconvert\libogg-1.3.2\win32\vs2010\libvorbis\win32\release\analysis.obj
c:\usr\koei\tenshouki95\dllwrap\nobubgmconvert\vs2013版\vs2013版\nobubgmconvert\nobubgmconvert\libogg-1.3.2\win32\vs2010\libvorbis\win32\release\window.obj
c:\usr\koei\tenshouki95\dllwrap\nobubgmconvert\vs2013版\vs2013版\nobubgmconvert\nobubgmconvert\libogg-1.3.2\win32\vs2010\win32\release\libvorbis_static.lib
c:\usr\koei\tenshouki95\dllwrap\nobubgmconvert\vs2013版\vs2013版\nobubgmconvert\nobubgmconvert\libogg-1.3.2\win32\vs2010\libvorbis\win32\release\libvorbis_static.tlog\cl.command.1.tlog
c:\usr\koei\tenshouki95\dllwrap\nobubgmconvert\vs2013版\vs2013版\nobubgmconvert\nobubgmconvert\libogg-1.3.2\win32\vs2010\libvorbis\win32\release\libvorbis_static.tlog\cl.read.1.tlog
c:\usr\koei\tenshouki95\dllwrap\nobubgmconvert\vs2013版\vs2013版\nobubgmconvert\nobubgmconvert\libogg-1.3.2\win32\vs2010\libvorbis\win32\release\libvorbis_static.tlog\cl.write.1.tlog
c:\usr\koei\tenshouki95\dllwrap\nobubgmconvert\vs2013版\vs2013版\nobubgmconvert\nobubgmconvert\libogg-1.3.2\win32\vs2010\libvorbis\win32\release\libvorbis_static.tlog\lib-link.read.1.tlog
c:\usr\koei\tenshouki95\dllwrap\nobubgmconvert\vs2013版\vs2013版\nobubgmconvert\nobubgmconvert\libogg-1.3.2\win32\vs2010\libvorbis\win32\release\libvorbis_static.tlog\lib-link.write.1.tlog
c:\usr\koei\tenshouki95\dllwrap\nobubgmconvert\vs2013版\vs2013版\nobubgmconvert\nobubgmconvert\libogg-1.3.2\win32\vs2010\libvorbis\win32\release\libvorbis_static.tlog\lib.command.1.tlog
