c:\2013\libogg-1.3.2\win32\vs2010\libvorbis\win32\debug\vc120.pdb
c:\2013\libogg-1.3.2\win32\vs2010\libvorbis\win32\debug\vc120.idb
c:\2013\libogg-1.3.2\win32\vs2010\libvorbis\win32\debug\bitrate.obj
c:\2013\libogg-1.3.2\win32\vs2010\libvorbis\win32\debug\block.obj
c:\2013\libogg-1.3.2\win32\vs2010\libvorbis\win32\debug\codebook.obj
c:\2013\libogg-1.3.2\win32\vs2010\libvorbis\win32\debug\envelope.obj
c:\2013\libogg-1.3.2\win32\vs2010\libvorbis\win32\debug\floor0.obj
c:\2013\libogg-1.3.2\win32\vs2010\libvorbis\win32\debug\floor1.obj
c:\2013\libogg-1.3.2\win32\vs2010\libvorbis\win32\debug\info.obj
c:\2013\libogg-1.3.2\win32\vs2010\libvorbis\win32\debug\lookup.obj
c:\2013\libogg-1.3.2\win32\vs2010\libvorbis\win32\debug\lpc.obj
c:\2013\libogg-1.3.2\win32\vs2010\libvorbis\win32\debug\lsp.obj
c:\2013\libogg-1.3.2\win32\vs2010\libvorbis\win32\debug\mapping0.obj
c:\2013\libogg-1.3.2\win32\vs2010\libvorbis\win32\debug\mdct.obj
c:\2013\libogg-1.3.2\win32\vs2010\libvorbis\win32\debug\psy.obj
c:\2013\libogg-1.3.2\win32\vs2010\libvorbis\win32\debug\registry.obj
c:\2013\libogg-1.3.2\win32\vs2010\libvorbis\win32\debug\res0.obj
c:\2013\libogg-1.3.2\win32\vs2010\libvorbis\win32\debug\sharedbook.obj
c:\2013\libogg-1.3.2\win32\vs2010\libvorbis\win32\debug\smallft.obj
c:\2013\libogg-1.3.2\win32\vs2010\libvorbis\win32\debug\synthesis.obj
c:\2013\libogg-1.3.2\win32\vs2010\libvorbis\win32\debug\vorbisenc.obj
c:\2013\libogg-1.3.2\win32\vs2010\libvorbis\win32\debug\window.obj
c:\2013\libogg-1.3.2\win32\vs2010\libvorbis\win32\debug\analysis.obj
c:\2013\libogg-1.3.2\win32\vs2010\win32\debug\libvorbis_static.lib
c:\2013\libogg-1.3.2\win32\vs2010\libvorbis\win32\debug\libvorbis_static.tlog\cl.command.1.tlog
c:\2013\libogg-1.3.2\win32\vs2010\libvorbis\win32\debug\libvorbis_static.tlog\cl.read.1.tlog
c:\2013\libogg-1.3.2\win32\vs2010\libvorbis\win32\debug\libvorbis_static.tlog\cl.write.1.tlog
c:\2013\libogg-1.3.2\win32\vs2010\libvorbis\win32\debug\libvorbis_static.tlog\lib-link.read.1.tlog
c:\2013\libogg-1.3.2\win32\vs2010\libvorbis\win32\debug\libvorbis_static.tlog\lib-link.write.1.tlog
c:\2013\libogg-1.3.2\win32\vs2010\libvorbis\win32\debug\libvorbis_static.tlog\lib.command.1.tlog
